<?xml version="1.0" encoding="UTF-8"?>
<testng-results ignored="0" total="1" passed="1" failed="0" skipped="0">
  <reporter-output>
  </reporter-output>
  <suite started-at="2025-02-24T15:51:17 IST" name="Default suite" finished-at="2025-02-24T15:52:50 IST" duration-ms="93035">
    <groups>
    </groups>
    <test started-at="2025-02-24T15:51:17 IST" name="Default test" finished-at="2025-02-24T15:52:50 IST" duration-ms="93035">
      <class name="tests.BrinkTest">
        <test-method is-config="true" signature="setUp()[pri:0, instance:tests.BrinkTest@192c3f1e]" started-at="2025-02-24T15:51:18 IST" name="setUp" finished-at="2025-02-24T15:51:20 IST" duration-ms="1750" status="PASS">
          <reporter-output>
          </reporter-output>
        </test-method> <!-- setUp -->
        <test-method signature="homebase(java.lang.String,java.lang.String,java.lang.String,java.lang.String,java.lang.String,java.lang.String,java.lang.String)[pri:0, instance:tests.BrinkTest@192c3f1e]" started-at="2025-02-24T15:51:20 IST" name="homebase" description="Brink pos entry" data-provider="credentialsProvider" finished-at="2025-02-24T15:52:50 IST" duration-ms="90029" status="PASS">
          <params>
            <param index="0">
              <value>
                <![CDATA[https://admin4.brinkpos.net/Public/Login?ReturnUrl=%2fReports%2fReport%2fSalesAndLaborSummaryByLocation%2f]]>
              </value>
            </param>
            <param index="1">
              <value>
                <![CDATA[nizar.hanchi@gmail.com]]>
              </value>
            </param>
            <param index="2">
              <value>
                <![CDATA[Pitapit2025@@]]>
              </value>
            </param>
            <param index="3">
              <value>
                <![CDATA[PitapitDailySummary.json]]>
              </value>
            </param>
            <param index="4">
              <value>
                <![CDATA[https://app.proactivepandl.com/]]>
              </value>
            </param>
            <param index="5">
              <value>
                <![CDATA[wa.mediterranean.taste@gmail.com]]>
              </value>
            </param>
            <param index="6">
              <value>
                <![CDATA[fobe1]]>
              </value>
            </param>
          </params>
          <reporter-output>
          </reporter-output>
        </test-method> <!-- homebase -->
        <test-method is-config="true" signature="tearDown()[pri:0, instance:tests.BrinkTest@192c3f1e]" started-at="2025-02-24T15:52:50 IST" name="tearDown" finished-at="2025-02-24T15:52:50 IST" duration-ms="480" status="PASS">
          <reporter-output>
          </reporter-output>
        </test-method> <!-- tearDown -->
      </class> <!-- tests.BrinkTest -->
    </test> <!-- Default test -->
  </suite> <!-- Default suite -->
</testng-results>
